[ 2016-12-22T00:05:02+08:00 ] 127.0.0.1 127.0.0.1 POST /index/test/queryalltest
[ log ] www.tests.mm/index/test/queryalltest [运行时间：0.050003s][吞吐率：20.00req/s] [内存消耗：2,197.70kb] [文件加载：47]
[ info ] [ LANG ] D:\EProject\wwwroot\tests\thinkphp\lang\zh-cn.php
[ info ] [ ROUTE ] array (
  'type' => 'module',
  'module' => 
  array (
    0 => 'index',
    1 => 'test',
    2 => 'queryalltest',
  ),
)
[ info ] [ HEADER ] array (
  'host' => 'www.tests.mm',
  'connection' => 'keep-alive',
  'content-length' => '0',
  'accept' => 'application/json, text/javascript, */*; q=0.01',
  'origin' => 'http://localhost:8080',
  'user-agent' => 'Mozilla/5.0 (iPhone; CPU iPhone OS 9_1 like Mac OS X) AppleWebKit/601.1.46 (KHTML, like Gecko) Version/9.0 Mobile/13B143 Safari/601.1',
  'referer' => 'http://localhost:8080/x5/UI2/v_/wd/test.w?device=m',
  'accept-encoding' => 'gzip, deflate',
  'accept-language' => 'zh-CN,zh;q=0.8',
)
[ info ] [ PARAM ] array (
)
[ info ] [ RUN ] app\index\controller\Test->queryAllTest[ D:\EProject\wwwroot\tests\application\index\controller\Test.php ]
[ info ] [ DB ] INIT mysql
[ info ] [ LOG ] INIT File
[ sql ] [ DB ] CONNECT:[ UseTime:0.010001s ] mysql:dbname=tests;host=127.0.0.1;charset=utf8
[ sql ] [ SQL ] SHOW COLUMNS FROM `t_lib` [ RunTime:0.008000s ]
[ sql ] [ SQL ] SELECT `id` FROM `t_lib`  [ RunTime:0.000000s ]
[ sql ] [ SQL ] select `id`,`title` from t_tests tt where find_in_set(tt.id,(select test1_ids from t_lib where id='1')) ORDER by find_in_set(tt.id,(select test1_ids from t_lib where id='1')) [ RunTime:0.001000s ]
[ sql ] [ SQL ] select `id`,`type`,`title`,`option` from t_tests tt where find_in_set(tt.id,(select test2_ids from t_lib where id='1')) ORDER by find_in_set(tt.id,(select test2_ids from t_lib where id='1')) [ RunTime:0.000000s ]

---------------------------------------------------------------
[ 2016-12-22T00:05:32+08:00 ] 127.0.0.1 127.0.0.1 POST /index/test/queryalltest
[ log ] www.tests.mm/index/test/queryalltest [运行时间：0.042002s][吞吐率：23.81req/s] [内存消耗：2,197.71kb] [文件加载：47]
[ info ] [ LANG ] D:\EProject\wwwroot\tests\thinkphp\lang\zh-cn.php
[ info ] [ ROUTE ] array (
  'type' => 'module',
  'module' => 
  array (
    0 => 'index',
    1 => 'test',
    2 => 'queryalltest',
  ),
)
[ info ] [ HEADER ] array (
  'host' => 'www.tests.mm',
  'connection' => 'keep-alive',
  'content-length' => '0',
  'accept' => 'application/json, text/javascript, */*; q=0.01',
  'origin' => 'http://localhost:8080',
  'user-agent' => 'Mozilla/5.0 (iPhone; CPU iPhone OS 9_1 like Mac OS X) AppleWebKit/601.1.46 (KHTML, like Gecko) Version/9.0 Mobile/13B143 Safari/601.1',
  'referer' => 'http://localhost:8080/x5/UI2/v_/wd/test.w?device=m',
  'accept-encoding' => 'gzip, deflate',
  'accept-language' => 'zh-CN,zh;q=0.8',
)
[ info ] [ PARAM ] array (
)
[ info ] [ RUN ] app\index\controller\Test->queryAllTest[ D:\EProject\wwwroot\tests\application\index\controller\Test.php ]
[ info ] [ DB ] INIT mysql
[ info ] [ LOG ] INIT File
[ sql ] [ DB ] CONNECT:[ UseTime:0.010001s ] mysql:dbname=tests;host=127.0.0.1;charset=utf8
[ sql ] [ SQL ] SHOW COLUMNS FROM `t_lib` [ RunTime:0.007000s ]
[ sql ] [ SQL ] SELECT `id` FROM `t_lib`  [ RunTime:0.000000s ]
[ sql ] [ SQL ] select `id`,`title` from t_tests tt where find_in_set(tt.id,(select test1_ids from t_lib where id='1')) ORDER by find_in_set(tt.id,(select test1_ids from t_lib where id='1')) [ RunTime:0.001000s ]
[ sql ] [ SQL ] select `id`,`type`,`title`,`option` from t_tests tt where find_in_set(tt.id,(select test2_ids from t_lib where id='1')) ORDER by find_in_set(tt.id,(select test2_ids from t_lib where id='1')) [ RunTime:0.000000s ]

---------------------------------------------------------------
[ 2016-12-22T00:45:34+08:00 ] 127.0.0.1 127.0.0.1 POST /index/test/queryalltest
[ log ] www.tests.mm/index/test/queryalltest [运行时间：0.045003s][吞吐率：22.22req/s] [内存消耗：2,232.22kb] [文件加载：47]
[ info ] [ LANG ] D:\EProject\wwwroot\tests\thinkphp\lang\zh-cn.php
[ info ] [ ROUTE ] array (
  'type' => 'module',
  'module' => 
  array (
    0 => 'index',
    1 => 'test',
    2 => 'queryalltest',
  ),
)
[ info ] [ HEADER ] array (
  'host' => 'www.tests.mm',
  'connection' => 'keep-alive',
  'content-length' => '0',
  'accept' => 'application/json, text/javascript, */*; q=0.01',
  'origin' => 'http://localhost:8080',
  'user-agent' => 'Mozilla/5.0 (iPhone; CPU iPhone OS 9_1 like Mac OS X) AppleWebKit/601.1.46 (KHTML, like Gecko) Version/9.0 Mobile/13B143 Safari/601.1',
  'referer' => 'http://localhost:8080/x5/UI2/v_/wd/test.w?device=m',
  'accept-encoding' => 'gzip, deflate',
  'accept-language' => 'zh-CN,zh;q=0.8',
)
[ info ] [ PARAM ] array (
)
[ info ] [ RUN ] app\index\controller\Test->queryAllTest[ D:\EProject\wwwroot\tests\application\index\controller\Test.php ]
[ info ] [ DB ] INIT mysql
[ info ] [ LOG ] INIT File
[ sql ] [ DB ] CONNECT:[ UseTime:0.011000s ] mysql:dbname=tests;host=127.0.0.1;charset=utf8
[ sql ] [ SQL ] SHOW COLUMNS FROM `t_lib` [ RunTime:0.007001s ]
[ sql ] [ SQL ] SELECT `id` FROM `t_lib`  [ RunTime:0.000000s ]
[ sql ] [ SQL ] select `id`,`title` from t_tests tt where find_in_set(tt.id,(select test1_ids from t_lib where id='3')) ORDER by find_in_set(tt.id,(select test1_ids from t_lib where id='3')) [ RunTime:0.001000s ]
[ sql ] [ SQL ] select `id`,`type`,`title`,`option` from t_tests tt where find_in_set(tt.id,(select test2_ids from t_lib where id='3')) ORDER by find_in_set(tt.id,(select test2_ids from t_lib where id='3')) [ RunTime:0.001000s ]

---------------------------------------------------------------
[ 2016-12-22T00:47:30+08:00 ] 127.0.0.1 127.0.0.1 POST /index/test/queryalltest
[ log ] www.tests.mm/index/test/queryalltest [运行时间：0.042002s][吞吐率：23.81req/s] [内存消耗：2,232.22kb] [文件加载：47]
[ info ] [ LANG ] D:\EProject\wwwroot\tests\thinkphp\lang\zh-cn.php
[ info ] [ ROUTE ] array (
  'type' => 'module',
  'module' => 
  array (
    0 => 'index',
    1 => 'test',
    2 => 'queryalltest',
  ),
)
[ info ] [ HEADER ] array (
  'host' => 'www.tests.mm',
  'connection' => 'keep-alive',
  'content-length' => '0',
  'accept' => 'application/json, text/javascript, */*; q=0.01',
  'origin' => 'http://localhost:8080',
  'user-agent' => 'Mozilla/5.0 (iPhone; CPU iPhone OS 9_1 like Mac OS X) AppleWebKit/601.1.46 (KHTML, like Gecko) Version/9.0 Mobile/13B143 Safari/601.1',
  'referer' => 'http://localhost:8080/x5/UI2/v_/wd/test.w?device=m',
  'accept-encoding' => 'gzip, deflate',
  'accept-language' => 'zh-CN,zh;q=0.8',
)
[ info ] [ PARAM ] array (
)
[ info ] [ RUN ] app\index\controller\Test->queryAllTest[ D:\EProject\wwwroot\tests\application\index\controller\Test.php ]
[ info ] [ DB ] INIT mysql
[ info ] [ LOG ] INIT File
[ sql ] [ DB ] CONNECT:[ UseTime:0.011001s ] mysql:dbname=tests;host=127.0.0.1;charset=utf8
[ sql ] [ SQL ] SHOW COLUMNS FROM `t_lib` [ RunTime:0.007000s ]
[ sql ] [ SQL ] SELECT `id` FROM `t_lib`  [ RunTime:0.000000s ]
[ sql ] [ SQL ] select `id`,`title` from t_tests tt where find_in_set(tt.id,(select test1_ids from t_lib where id='3')) ORDER by find_in_set(tt.id,(select test1_ids from t_lib where id='3')) [ RunTime:0.001000s ]
[ sql ] [ SQL ] select `id`,`type`,`title`,`option` from t_tests tt where find_in_set(tt.id,(select test2_ids from t_lib where id='3')) ORDER by find_in_set(tt.id,(select test2_ids from t_lib where id='3')) [ RunTime:0.001000s ]

---------------------------------------------------------------
[ 2016-12-22T00:50:10+08:00 ] 127.0.0.1 127.0.0.1 POST /index/test/queryalltest
[ log ] www.tests.mm/index/test/queryalltest [运行时间：0.035002s][吞吐率：28.57req/s] [内存消耗：2,232.22kb] [文件加载：47]
[ info ] [ LANG ] D:\EProject\wwwroot\tests\thinkphp\lang\zh-cn.php
[ info ] [ ROUTE ] array (
  'type' => 'module',
  'module' => 
  array (
    0 => 'index',
    1 => 'test',
    2 => 'queryalltest',
  ),
)
[ info ] [ HEADER ] array (
  'host' => 'www.tests.mm',
  'connection' => 'keep-alive',
  'content-length' => '0',
  'accept' => 'application/json, text/javascript, */*; q=0.01',
  'origin' => 'http://localhost:8080',
  'user-agent' => 'Mozilla/5.0 (iPhone; CPU iPhone OS 9_1 like Mac OS X) AppleWebKit/601.1.46 (KHTML, like Gecko) Version/9.0 Mobile/13B143 Safari/601.1',
  'referer' => 'http://localhost:8080/x5/UI2/v_/wd/test.w?device=m',
  'accept-encoding' => 'gzip, deflate',
  'accept-language' => 'zh-CN,zh;q=0.8',
)
[ info ] [ PARAM ] array (
)
[ info ] [ RUN ] app\index\controller\Test->queryAllTest[ D:\EProject\wwwroot\tests\application\index\controller\Test.php ]
[ info ] [ DB ] INIT mysql
[ info ] [ LOG ] INIT File
[ sql ] [ DB ] CONNECT:[ UseTime:0.000000s ] mysql:dbname=tests;host=127.0.0.1;charset=utf8
[ sql ] [ SQL ] SHOW COLUMNS FROM `t_lib` [ RunTime:0.007000s ]
[ sql ] [ SQL ] SELECT `id` FROM `t_lib`  [ RunTime:0.000000s ]
[ sql ] [ SQL ] select `id`,`title` from t_tests tt where find_in_set(tt.id,(select test1_ids from t_lib where id='3')) ORDER by find_in_set(tt.id,(select test1_ids from t_lib where id='3')) [ RunTime:0.001000s ]
[ sql ] [ SQL ] select `id`,`type`,`title`,`option` from t_tests tt where find_in_set(tt.id,(select test2_ids from t_lib where id='3')) ORDER by find_in_set(tt.id,(select test2_ids from t_lib where id='3')) [ RunTime:0.001000s ]

---------------------------------------------------------------
[ 2016-12-22T00:50:35+08:00 ] 127.0.0.1 127.0.0.1 POST /index/test/queryalltest
[ log ] www.tests.mm/index/test/queryalltest [运行时间：0.031001s][吞吐率：32.26req/s] [内存消耗：2,197.71kb] [文件加载：47]
[ info ] [ LANG ] D:\EProject\wwwroot\tests\thinkphp\lang\zh-cn.php
[ info ] [ ROUTE ] array (
  'type' => 'module',
  'module' => 
  array (
    0 => 'index',
    1 => 'test',
    2 => 'queryalltest',
  ),
)
[ info ] [ HEADER ] array (
  'host' => 'www.tests.mm',
  'connection' => 'keep-alive',
  'content-length' => '0',
  'accept' => 'application/json, text/javascript, */*; q=0.01',
  'origin' => 'http://localhost:8080',
  'user-agent' => 'Mozilla/5.0 (iPhone; CPU iPhone OS 9_1 like Mac OS X) AppleWebKit/601.1.46 (KHTML, like Gecko) Version/9.0 Mobile/13B143 Safari/601.1',
  'referer' => 'http://localhost:8080/x5/UI2/v_/wd/test.w?device=m',
  'accept-encoding' => 'gzip, deflate',
  'accept-language' => 'zh-CN,zh;q=0.8',
)
[ info ] [ PARAM ] array (
)
[ info ] [ RUN ] app\index\controller\Test->queryAllTest[ D:\EProject\wwwroot\tests\application\index\controller\Test.php ]
[ info ] [ DB ] INIT mysql
[ info ] [ LOG ] INIT File
[ sql ] [ DB ] CONNECT:[ UseTime:0.001000s ] mysql:dbname=tests;host=127.0.0.1;charset=utf8
[ sql ] [ SQL ] SHOW COLUMNS FROM `t_lib` [ RunTime:0.006000s ]
[ sql ] [ SQL ] SELECT `id` FROM `t_lib`  [ RunTime:0.000000s ]
[ sql ] [ SQL ] select `id`,`title` from t_tests tt where find_in_set(tt.id,(select test1_ids from t_lib where id='1')) ORDER by find_in_set(tt.id,(select test1_ids from t_lib where id='1')) [ RunTime:0.000000s ]
[ sql ] [ SQL ] select `id`,`type`,`title`,`option` from t_tests tt where find_in_set(tt.id,(select test2_ids from t_lib where id='1')) ORDER by find_in_set(tt.id,(select test2_ids from t_lib where id='1')) [ RunTime:0.001000s ]

---------------------------------------------------------------
[ 2016-12-22T00:51:07+08:00 ] 127.0.0.1 127.0.0.1 POST /index/test/queryalltest
[ log ] www.tests.mm/index/test/queryalltest [运行时间：0.029002s][吞吐率：34.48req/s] [内存消耗：2,232.22kb] [文件加载：47]
[ info ] [ LANG ] D:\EProject\wwwroot\tests\thinkphp\lang\zh-cn.php
[ info ] [ ROUTE ] array (
  'type' => 'module',
  'module' => 
  array (
    0 => 'index',
    1 => 'test',
    2 => 'queryalltest',
  ),
)
[ info ] [ HEADER ] array (
  'host' => 'www.tests.mm',
  'connection' => 'keep-alive',
  'content-length' => '0',
  'accept' => 'application/json, text/javascript, */*; q=0.01',
  'origin' => 'http://localhost:8080',
  'user-agent' => 'Mozilla/5.0 (iPhone; CPU iPhone OS 9_1 like Mac OS X) AppleWebKit/601.1.46 (KHTML, like Gecko) Version/9.0 Mobile/13B143 Safari/601.1',
  'referer' => 'http://localhost:8080/x5/UI2/v_/wd/test.w?device=m',
  'accept-encoding' => 'gzip, deflate',
  'accept-language' => 'zh-CN,zh;q=0.8',
)
[ info ] [ PARAM ] array (
)
[ info ] [ RUN ] app\index\controller\Test->queryAllTest[ D:\EProject\wwwroot\tests\application\index\controller\Test.php ]
[ info ] [ DB ] INIT mysql
[ info ] [ LOG ] INIT File
[ sql ] [ DB ] CONNECT:[ UseTime:0.000000s ] mysql:dbname=tests;host=127.0.0.1;charset=utf8
[ sql ] [ SQL ] SHOW COLUMNS FROM `t_lib` [ RunTime:0.006001s ]
[ sql ] [ SQL ] SELECT `id` FROM `t_lib`  [ RunTime:0.000000s ]
[ sql ] [ SQL ] select `id`,`title` from t_tests tt where find_in_set(tt.id,(select test1_ids from t_lib where id='3')) ORDER by find_in_set(tt.id,(select test1_ids from t_lib where id='3')) [ RunTime:0.001000s ]
[ sql ] [ SQL ] select `id`,`type`,`title`,`option` from t_tests tt where find_in_set(tt.id,(select test2_ids from t_lib where id='3')) ORDER by find_in_set(tt.id,(select test2_ids from t_lib where id='3')) [ RunTime:0.000000s ]

---------------------------------------------------------------
[ 2016-12-22T00:51:43+08:00 ] 127.0.0.1 127.0.0.1 POST /index/test/queryalltest
[ log ] www.tests.mm/index/test/queryalltest [运行时间：0.032002s][吞吐率：31.25req/s] [内存消耗：2,197.71kb] [文件加载：47]
[ info ] [ LANG ] D:\EProject\wwwroot\tests\thinkphp\lang\zh-cn.php
[ info ] [ ROUTE ] array (
  'type' => 'module',
  'module' => 
  array (
    0 => 'index',
    1 => 'test',
    2 => 'queryalltest',
  ),
)
[ info ] [ HEADER ] array (
  'host' => 'www.tests.mm',
  'connection' => 'keep-alive',
  'content-length' => '0',
  'accept' => 'application/json, text/javascript, */*; q=0.01',
  'origin' => 'http://localhost:8080',
  'user-agent' => 'Mozilla/5.0 (iPhone; CPU iPhone OS 9_1 like Mac OS X) AppleWebKit/601.1.46 (KHTML, like Gecko) Version/9.0 Mobile/13B143 Safari/601.1',
  'referer' => 'http://localhost:8080/x5/UI2/v_/wd/test.w?device=m',
  'accept-encoding' => 'gzip, deflate',
  'accept-language' => 'zh-CN,zh;q=0.8',
)
[ info ] [ PARAM ] array (
)
[ info ] [ RUN ] app\index\controller\Test->queryAllTest[ D:\EProject\wwwroot\tests\application\index\controller\Test.php ]
[ info ] [ DB ] INIT mysql
[ info ] [ LOG ] INIT File
[ sql ] [ DB ] CONNECT:[ UseTime:0.001000s ] mysql:dbname=tests;host=127.0.0.1;charset=utf8
[ sql ] [ SQL ] SHOW COLUMNS FROM `t_lib` [ RunTime:0.007000s ]
[ sql ] [ SQL ] SELECT `id` FROM `t_lib`  [ RunTime:0.000000s ]
[ sql ] [ SQL ] select `id`,`title` from t_tests tt where find_in_set(tt.id,(select test1_ids from t_lib where id='1')) ORDER by find_in_set(tt.id,(select test1_ids from t_lib where id='1')) [ RunTime:0.001000s ]
[ sql ] [ SQL ] select `id`,`type`,`title`,`option` from t_tests tt where find_in_set(tt.id,(select test2_ids from t_lib where id='1')) ORDER by find_in_set(tt.id,(select test2_ids from t_lib where id='1')) [ RunTime:0.001000s ]

---------------------------------------------------------------
[ 2016-12-22T00:52:19+08:00 ] 127.0.0.1 127.0.0.1 POST /index/test/queryalltest
[ log ] www.tests.mm/index/test/queryalltest [运行时间：0.046003s][吞吐率：21.74req/s] [内存消耗：2,232.20kb] [文件加载：47]
[ info ] [ LANG ] D:\EProject\wwwroot\tests\thinkphp\lang\zh-cn.php
[ info ] [ ROUTE ] array (
  'type' => 'module',
  'module' => 
  array (
    0 => 'index',
    1 => 'test',
    2 => 'queryalltest',
  ),
)
[ info ] [ HEADER ] array (
  'host' => 'www.tests.mm',
  'connection' => 'keep-alive',
  'content-length' => '0',
  'accept' => 'application/json, text/javascript, */*; q=0.01',
  'origin' => 'http://localhost:8080',
  'user-agent' => 'Mozilla/5.0 (iPhone; CPU iPhone OS 9_1 like Mac OS X) AppleWebKit/601.1.46 (KHTML, like Gecko) Version/9.0 Mobile/13B143 Safari/601.1',
  'referer' => 'http://localhost:8080/x5/UI2/v_/wd/test.w?device=m',
  'accept-encoding' => 'gzip, deflate',
  'accept-language' => 'zh-CN,zh;q=0.8',
)
[ info ] [ PARAM ] array (
)
[ info ] [ RUN ] app\index\controller\Test->queryAllTest[ D:\EProject\wwwroot\tests\application\index\controller\Test.php ]
[ info ] [ DB ] INIT mysql
[ info ] [ LOG ] INIT File
[ sql ] [ DB ] CONNECT:[ UseTime:0.010000s ] mysql:dbname=tests;host=127.0.0.1;charset=utf8
[ sql ] [ SQL ] SHOW COLUMNS FROM `t_lib` [ RunTime:0.007001s ]
[ sql ] [ SQL ] SELECT `id` FROM `t_lib`  [ RunTime:0.000000s ]
[ sql ] [ SQL ] select `id`,`title` from t_tests tt where find_in_set(tt.id,(select test1_ids from t_lib where id='2')) ORDER by find_in_set(tt.id,(select test1_ids from t_lib where id='2')) [ RunTime:0.001000s ]
[ sql ] [ SQL ] select `id`,`type`,`title`,`option` from t_tests tt where find_in_set(tt.id,(select test2_ids from t_lib where id='2')) ORDER by find_in_set(tt.id,(select test2_ids from t_lib where id='2')) [ RunTime:0.000000s ]

---------------------------------------------------------------
[ 2016-12-22T00:53:30+08:00 ] 127.0.0.1 127.0.0.1 POST /index/test/queryalltest
[ log ] www.tests.mm/index/test/queryalltest [运行时间：0.041002s][吞吐率：24.39req/s] [内存消耗：2,232.22kb] [文件加载：47]
[ info ] [ LANG ] D:\EProject\wwwroot\tests\thinkphp\lang\zh-cn.php
[ info ] [ ROUTE ] array (
  'type' => 'module',
  'module' => 
  array (
    0 => 'index',
    1 => 'test',
    2 => 'queryalltest',
  ),
)
[ info ] [ HEADER ] array (
  'host' => 'www.tests.mm',
  'connection' => 'keep-alive',
  'content-length' => '0',
  'accept' => 'application/json, text/javascript, */*; q=0.01',
  'origin' => 'http://localhost:8080',
  'user-agent' => 'Mozilla/5.0 (iPhone; CPU iPhone OS 9_1 like Mac OS X) AppleWebKit/601.1.46 (KHTML, like Gecko) Version/9.0 Mobile/13B143 Safari/601.1',
  'referer' => 'http://localhost:8080/x5/UI2/v_/wd/test.w?device=m',
  'accept-encoding' => 'gzip, deflate',
  'accept-language' => 'zh-CN,zh;q=0.8',
)
[ info ] [ PARAM ] array (
)
[ info ] [ RUN ] app\index\controller\Test->queryAllTest[ D:\EProject\wwwroot\tests\application\index\controller\Test.php ]
[ info ] [ DB ] INIT mysql
[ info ] [ LOG ] INIT File
[ sql ] [ DB ] CONNECT:[ UseTime:0.011000s ] mysql:dbname=tests;host=127.0.0.1;charset=utf8
[ sql ] [ SQL ] SHOW COLUMNS FROM `t_lib` [ RunTime:0.007001s ]
[ sql ] [ SQL ] SELECT `id` FROM `t_lib`  [ RunTime:0.001000s ]
[ sql ] [ SQL ] select `id`,`title` from t_tests tt where find_in_set(tt.id,(select test1_ids from t_lib where id='3')) ORDER by find_in_set(tt.id,(select test1_ids from t_lib where id='3')) [ RunTime:0.000000s ]
[ sql ] [ SQL ] select `id`,`type`,`title`,`option` from t_tests tt where find_in_set(tt.id,(select test2_ids from t_lib where id='3')) ORDER by find_in_set(tt.id,(select test2_ids from t_lib where id='3')) [ RunTime:0.000000s ]

---------------------------------------------------------------
[ 2016-12-22T00:56:22+08:00 ] 127.0.0.1 127.0.0.1 POST /index/test/queryalltest
[ log ] www.tests.mm/index/test/queryalltest [运行时间：0.045003s][吞吐率：22.22req/s] [内存消耗：2,232.22kb] [文件加载：47]
[ info ] [ LANG ] D:\EProject\wwwroot\tests\thinkphp\lang\zh-cn.php
[ info ] [ ROUTE ] array (
  'type' => 'module',
  'module' => 
  array (
    0 => 'index',
    1 => 'test',
    2 => 'queryalltest',
  ),
)
[ info ] [ HEADER ] array (
  'host' => 'www.tests.mm',
  'connection' => 'keep-alive',
  'content-length' => '0',
  'accept' => 'application/json, text/javascript, */*; q=0.01',
  'origin' => 'http://localhost:8080',
  'user-agent' => 'Mozilla/5.0 (iPhone; CPU iPhone OS 9_1 like Mac OS X) AppleWebKit/601.1.46 (KHTML, like Gecko) Version/9.0 Mobile/13B143 Safari/601.1',
  'referer' => 'http://localhost:8080/x5/UI2/v_/wd/test.w?device=m',
  'accept-encoding' => 'gzip, deflate',
  'accept-language' => 'zh-CN,zh;q=0.8',
)
[ info ] [ PARAM ] array (
)
[ info ] [ RUN ] app\index\controller\Test->queryAllTest[ D:\EProject\wwwroot\tests\application\index\controller\Test.php ]
[ info ] [ DB ] INIT mysql
[ info ] [ LOG ] INIT File
[ sql ] [ DB ] CONNECT:[ UseTime:0.010000s ] mysql:dbname=tests;host=127.0.0.1;charset=utf8
[ sql ] [ SQL ] SHOW COLUMNS FROM `t_lib` [ RunTime:0.007001s ]
[ sql ] [ SQL ] SELECT `id` FROM `t_lib`  [ RunTime:0.000000s ]
[ sql ] [ SQL ] select `id`,`title` from t_tests tt where find_in_set(tt.id,(select test1_ids from t_lib where id='3')) ORDER by find_in_set(tt.id,(select test1_ids from t_lib where id='3')) [ RunTime:0.001000s ]
[ sql ] [ SQL ] select `id`,`type`,`title`,`option` from t_tests tt where find_in_set(tt.id,(select test2_ids from t_lib where id='3')) ORDER by find_in_set(tt.id,(select test2_ids from t_lib where id='3')) [ RunTime:0.001000s ]

---------------------------------------------------------------
[ 2016-12-22T00:58:00+08:00 ] 127.0.0.1 127.0.0.1 POST /index/test/queryalltest
[ log ] www.tests.mm/index/test/queryalltest [运行时间：0.032002s][吞吐率：31.25req/s] [内存消耗：2,232.20kb] [文件加载：47]
[ info ] [ LANG ] D:\EProject\wwwroot\tests\thinkphp\lang\zh-cn.php
[ info ] [ ROUTE ] array (
  'type' => 'module',
  'module' => 
  array (
    0 => 'index',
    1 => 'test',
    2 => 'queryalltest',
  ),
)
[ info ] [ HEADER ] array (
  'host' => 'www.tests.mm',
  'connection' => 'keep-alive',
  'content-length' => '0',
  'accept' => 'application/json, text/javascript, */*; q=0.01',
  'origin' => 'http://localhost:8080',
  'user-agent' => 'Mozilla/5.0 (iPhone; CPU iPhone OS 9_1 like Mac OS X) AppleWebKit/601.1.46 (KHTML, like Gecko) Version/9.0 Mobile/13B143 Safari/601.1',
  'referer' => 'http://localhost:8080/x5/UI2/v_/wd/test.w?device=m',
  'accept-encoding' => 'gzip, deflate',
  'accept-language' => 'zh-CN,zh;q=0.8',
)
[ info ] [ PARAM ] array (
)
[ info ] [ RUN ] app\index\controller\Test->queryAllTest[ D:\EProject\wwwroot\tests\application\index\controller\Test.php ]
[ info ] [ DB ] INIT mysql
[ info ] [ LOG ] INIT File
[ sql ] [ DB ] CONNECT:[ UseTime:0.000000s ] mysql:dbname=tests;host=127.0.0.1;charset=utf8
[ sql ] [ SQL ] SHOW COLUMNS FROM `t_lib` [ RunTime:0.006001s ]
[ sql ] [ SQL ] SELECT `id` FROM `t_lib`  [ RunTime:0.000000s ]
[ sql ] [ SQL ] select `id`,`title` from t_tests tt where find_in_set(tt.id,(select test1_ids from t_lib where id='2')) ORDER by find_in_set(tt.id,(select test1_ids from t_lib where id='2')) [ RunTime:0.000000s ]
[ sql ] [ SQL ] select `id`,`type`,`title`,`option` from t_tests tt where find_in_set(tt.id,(select test2_ids from t_lib where id='2')) ORDER by find_in_set(tt.id,(select test2_ids from t_lib where id='2')) [ RunTime:0.001000s ]

---------------------------------------------------------------
[ 2016-12-22T00:58:29+08:00 ] 127.0.0.1 127.0.0.1 POST /index/test/queryalltest
[ log ] www.tests.mm/index/test/queryalltest [运行时间：0.035002s][吞吐率：28.57req/s] [内存消耗：2,232.22kb] [文件加载：47]
[ info ] [ LANG ] D:\EProject\wwwroot\tests\thinkphp\lang\zh-cn.php
[ info ] [ ROUTE ] array (
  'type' => 'module',
  'module' => 
  array (
    0 => 'index',
    1 => 'test',
    2 => 'queryalltest',
  ),
)
[ info ] [ HEADER ] array (
  'host' => 'www.tests.mm',
  'connection' => 'keep-alive',
  'content-length' => '0',
  'accept' => 'application/json, text/javascript, */*; q=0.01',
  'origin' => 'http://localhost:8080',
  'user-agent' => 'Mozilla/5.0 (iPhone; CPU iPhone OS 9_1 like Mac OS X) AppleWebKit/601.1.46 (KHTML, like Gecko) Version/9.0 Mobile/13B143 Safari/601.1',
  'referer' => 'http://localhost:8080/x5/UI2/v_/wd/test.w?device=m',
  'accept-encoding' => 'gzip, deflate',
  'accept-language' => 'zh-CN,zh;q=0.8',
)
[ info ] [ PARAM ] array (
)
[ info ] [ RUN ] app\index\controller\Test->queryAllTest[ D:\EProject\wwwroot\tests\application\index\controller\Test.php ]
[ info ] [ DB ] INIT mysql
[ info ] [ LOG ] INIT File
[ sql ] [ DB ] CONNECT:[ UseTime:0.001000s ] mysql:dbname=tests;host=127.0.0.1;charset=utf8
[ sql ] [ SQL ] SHOW COLUMNS FROM `t_lib` [ RunTime:0.006000s ]
[ sql ] [ SQL ] SELECT `id` FROM `t_lib`  [ RunTime:0.001000s ]
[ sql ] [ SQL ] select `id`,`title` from t_tests tt where find_in_set(tt.id,(select test1_ids from t_lib where id='3')) ORDER by find_in_set(tt.id,(select test1_ids from t_lib where id='3')) [ RunTime:0.000000s ]
[ sql ] [ SQL ] select `id`,`type`,`title`,`option` from t_tests tt where find_in_set(tt.id,(select test2_ids from t_lib where id='3')) ORDER by find_in_set(tt.id,(select test2_ids from t_lib where id='3')) [ RunTime:0.000000s ]

---------------------------------------------------------------
[ 2016-12-22T01:05:11+08:00 ] 127.0.0.1 127.0.0.1 POST /index/test/queryalltest
[ log ] www.tests.mm/index/test/queryalltest [运行时间：0.034002s][吞吐率：29.41req/s] [内存消耗：2,197.71kb] [文件加载：47]
[ info ] [ LANG ] D:\EProject\wwwroot\tests\thinkphp\lang\zh-cn.php
[ info ] [ ROUTE ] array (
  'type' => 'module',
  'module' => 
  array (
    0 => 'index',
    1 => 'test',
    2 => 'queryalltest',
  ),
)
[ info ] [ HEADER ] array (
  'host' => 'www.tests.mm',
  'connection' => 'keep-alive',
  'content-length' => '0',
  'accept' => 'application/json, text/javascript, */*; q=0.01',
  'origin' => 'http://localhost:8080',
  'user-agent' => 'Mozilla/5.0 (iPhone; CPU iPhone OS 9_1 like Mac OS X) AppleWebKit/601.1.46 (KHTML, like Gecko) Version/9.0 Mobile/13B143 Safari/601.1',
  'referer' => 'http://localhost:8080/x5/UI2/v_/wd/test.w?device=m',
  'accept-encoding' => 'gzip, deflate',
  'accept-language' => 'zh-CN,zh;q=0.8',
)
[ info ] [ PARAM ] array (
)
[ info ] [ RUN ] app\index\controller\Test->queryAllTest[ D:\EProject\wwwroot\tests\application\index\controller\Test.php ]
[ info ] [ DB ] INIT mysql
[ info ] [ LOG ] INIT File
[ sql ] [ DB ] CONNECT:[ UseTime:0.001000s ] mysql:dbname=tests;host=127.0.0.1;charset=utf8
[ sql ] [ SQL ] SHOW COLUMNS FROM `t_lib` [ RunTime:0.006000s ]
[ sql ] [ SQL ] SELECT `id` FROM `t_lib`  [ RunTime:0.001000s ]
[ sql ] [ SQL ] select `id`,`title` from t_tests tt where find_in_set(tt.id,(select test1_ids from t_lib where id='1')) ORDER by find_in_set(tt.id,(select test1_ids from t_lib where id='1')) [ RunTime:0.000000s ]
[ sql ] [ SQL ] select `id`,`type`,`title`,`option` from t_tests tt where find_in_set(tt.id,(select test2_ids from t_lib where id='1')) ORDER by find_in_set(tt.id,(select test2_ids from t_lib where id='1')) [ RunTime:0.001000s ]

---------------------------------------------------------------
[ 2016-12-22T01:05:32+08:00 ] 127.0.0.1 127.0.0.1 POST /index/test/queryalltest
[ log ] www.tests.mm/index/test/queryalltest [运行时间：0.031002s][吞吐率：32.26req/s] [内存消耗：2,232.20kb] [文件加载：47]
[ info ] [ LANG ] D:\EProject\wwwroot\tests\thinkphp\lang\zh-cn.php
[ info ] [ ROUTE ] array (
  'type' => 'module',
  'module' => 
  array (
    0 => 'index',
    1 => 'test',
    2 => 'queryalltest',
  ),
)
[ info ] [ HEADER ] array (
  'host' => 'www.tests.mm',
  'connection' => 'keep-alive',
  'content-length' => '0',
  'accept' => 'application/json, text/javascript, */*; q=0.01',
  'origin' => 'http://localhost:8080',
  'user-agent' => 'Mozilla/5.0 (iPhone; CPU iPhone OS 9_1 like Mac OS X) AppleWebKit/601.1.46 (KHTML, like Gecko) Version/9.0 Mobile/13B143 Safari/601.1',
  'referer' => 'http://localhost:8080/x5/UI2/v_/wd/test.w?device=m',
  'accept-encoding' => 'gzip, deflate',
  'accept-language' => 'zh-CN,zh;q=0.8',
)
[ info ] [ PARAM ] array (
)
[ info ] [ RUN ] app\index\controller\Test->queryAllTest[ D:\EProject\wwwroot\tests\application\index\controller\Test.php ]
[ info ] [ DB ] INIT mysql
[ info ] [ LOG ] INIT File
[ sql ] [ DB ] CONNECT:[ UseTime:0.001000s ] mysql:dbname=tests;host=127.0.0.1;charset=utf8
[ sql ] [ SQL ] SHOW COLUMNS FROM `t_lib` [ RunTime:0.005000s ]
[ sql ] [ SQL ] SELECT `id` FROM `t_lib`  [ RunTime:0.000000s ]
[ sql ] [ SQL ] select `id`,`title` from t_tests tt where find_in_set(tt.id,(select test1_ids from t_lib where id='2')) ORDER by find_in_set(tt.id,(select test1_ids from t_lib where id='2')) [ RunTime:0.001000s ]
[ sql ] [ SQL ] select `id`,`type`,`title`,`option` from t_tests tt where find_in_set(tt.id,(select test2_ids from t_lib where id='2')) ORDER by find_in_set(tt.id,(select test2_ids from t_lib where id='2')) [ RunTime:0.000000s ]

---------------------------------------------------------------
[ 2016-12-22T01:09:30+08:00 ] 127.0.0.1 127.0.0.1 POST /index/test/queryalltest
[ log ] www.tests.mm/index/test/queryalltest [运行时间：0.043003s][吞吐率：23.25req/s] [内存消耗：2,197.71kb] [文件加载：47]
[ info ] [ LANG ] D:\EProject\wwwroot\tests\thinkphp\lang\zh-cn.php
[ info ] [ ROUTE ] array (
  'type' => 'module',
  'module' => 
  array (
    0 => 'index',
    1 => 'test',
    2 => 'queryalltest',
  ),
)
[ info ] [ HEADER ] array (
  'host' => 'www.tests.mm',
  'connection' => 'keep-alive',
  'content-length' => '0',
  'accept' => 'application/json, text/javascript, */*; q=0.01',
  'origin' => 'http://localhost:8080',
  'user-agent' => 'Mozilla/5.0 (iPhone; CPU iPhone OS 9_1 like Mac OS X) AppleWebKit/601.1.46 (KHTML, like Gecko) Version/9.0 Mobile/13B143 Safari/601.1',
  'referer' => 'http://localhost:8080/x5/UI2/v_/wd/test.w?device=m',
  'accept-encoding' => 'gzip, deflate',
  'accept-language' => 'zh-CN,zh;q=0.8',
)
[ info ] [ PARAM ] array (
)
[ info ] [ RUN ] app\index\controller\Test->queryAllTest[ D:\EProject\wwwroot\tests\application\index\controller\Test.php ]
[ info ] [ DB ] INIT mysql
[ info ] [ LOG ] INIT File
[ sql ] [ DB ] CONNECT:[ UseTime:0.010000s ] mysql:dbname=tests;host=127.0.0.1;charset=utf8
[ sql ] [ SQL ] SHOW COLUMNS FROM `t_lib` [ RunTime:0.007001s ]
[ sql ] [ SQL ] SELECT `id` FROM `t_lib`  [ RunTime:0.000000s ]
[ sql ] [ SQL ] select `id`,`title` from t_tests tt where find_in_set(tt.id,(select test1_ids from t_lib where id='1')) ORDER by find_in_set(tt.id,(select test1_ids from t_lib where id='1')) [ RunTime:0.000000s ]
[ sql ] [ SQL ] select `id`,`type`,`title`,`option` from t_tests tt where find_in_set(tt.id,(select test2_ids from t_lib where id='1')) ORDER by find_in_set(tt.id,(select test2_ids from t_lib where id='1')) [ RunTime:0.001000s ]

---------------------------------------------------------------
[ 2016-12-22T01:12:43+08:00 ] 127.0.0.1 127.0.0.1 POST /index/test/queryalltest
[ log ] www.tests.mm/index/test/queryalltest [运行时间：0.043003s][吞吐率：23.25req/s] [内存消耗：2,197.71kb] [文件加载：47]
[ info ] [ LANG ] D:\EProject\wwwroot\tests\thinkphp\lang\zh-cn.php
[ info ] [ ROUTE ] array (
  'type' => 'module',
  'module' => 
  array (
    0 => 'index',
    1 => 'test',
    2 => 'queryalltest',
  ),
)
[ info ] [ HEADER ] array (
  'host' => 'www.tests.mm',
  'connection' => 'keep-alive',
  'content-length' => '0',
  'accept' => 'application/json, text/javascript, */*; q=0.01',
  'origin' => 'http://localhost:8080',
  'user-agent' => 'Mozilla/5.0 (iPhone; CPU iPhone OS 9_1 like Mac OS X) AppleWebKit/601.1.46 (KHTML, like Gecko) Version/9.0 Mobile/13B143 Safari/601.1',
  'referer' => 'http://localhost:8080/x5/UI2/v_/wd/test.w?device=m',
  'accept-encoding' => 'gzip, deflate',
  'accept-language' => 'zh-CN,zh;q=0.8',
)
[ info ] [ PARAM ] array (
)
[ info ] [ RUN ] app\index\controller\Test->queryAllTest[ D:\EProject\wwwroot\tests\application\index\controller\Test.php ]
[ info ] [ DB ] INIT mysql
[ info ] [ LOG ] INIT File
[ sql ] [ DB ] CONNECT:[ UseTime:0.010000s ] mysql:dbname=tests;host=127.0.0.1;charset=utf8
[ sql ] [ SQL ] SHOW COLUMNS FROM `t_lib` [ RunTime:0.005000s ]
[ sql ] [ SQL ] SELECT `id` FROM `t_lib`  [ RunTime:0.000000s ]
[ sql ] [ SQL ] select `id`,`title` from t_tests tt where find_in_set(tt.id,(select test1_ids from t_lib where id='1')) ORDER by find_in_set(tt.id,(select test1_ids from t_lib where id='1')) [ RunTime:0.001000s ]
[ sql ] [ SQL ] select `id`,`type`,`title`,`option` from t_tests tt where find_in_set(tt.id,(select test2_ids from t_lib where id='1')) ORDER by find_in_set(tt.id,(select test2_ids from t_lib where id='1')) [ RunTime:0.000000s ]

---------------------------------------------------------------
[ 2016-12-22T01:13:13+08:00 ] 127.0.0.1 127.0.0.1 POST /index/test/queryalltest
[ log ] www.tests.mm/index/test/queryalltest [运行时间：0.041003s][吞吐率：24.39req/s] [内存消耗：2,232.22kb] [文件加载：47]
[ info ] [ LANG ] D:\EProject\wwwroot\tests\thinkphp\lang\zh-cn.php
[ info ] [ ROUTE ] array (
  'type' => 'module',
  'module' => 
  array (
    0 => 'index',
    1 => 'test',
    2 => 'queryalltest',
  ),
)
[ info ] [ HEADER ] array (
  'host' => 'www.tests.mm',
  'connection' => 'keep-alive',
  'content-length' => '0',
  'accept' => 'application/json, text/javascript, */*; q=0.01',
  'origin' => 'http://localhost:8080',
  'user-agent' => 'Mozilla/5.0 (iPhone; CPU iPhone OS 9_1 like Mac OS X) AppleWebKit/601.1.46 (KHTML, like Gecko) Version/9.0 Mobile/13B143 Safari/601.1',
  'referer' => 'http://localhost:8080/x5/UI2/v_/wd/test.w?device=m',
  'accept-encoding' => 'gzip, deflate',
  'accept-language' => 'zh-CN,zh;q=0.8',
)
[ info ] [ PARAM ] array (
)
[ info ] [ RUN ] app\index\controller\Test->queryAllTest[ D:\EProject\wwwroot\tests\application\index\controller\Test.php ]
[ info ] [ DB ] INIT mysql
[ info ] [ LOG ] INIT File
[ sql ] [ DB ] CONNECT:[ UseTime:0.010001s ] mysql:dbname=tests;host=127.0.0.1;charset=utf8
[ sql ] [ SQL ] SHOW COLUMNS FROM `t_lib` [ RunTime:0.007000s ]
[ sql ] [ SQL ] SELECT `id` FROM `t_lib`  [ RunTime:0.000000s ]
[ sql ] [ SQL ] select `id`,`title` from t_tests tt where find_in_set(tt.id,(select test1_ids from t_lib where id='3')) ORDER by find_in_set(tt.id,(select test1_ids from t_lib where id='3')) [ RunTime:0.001001s ]
[ sql ] [ SQL ] select `id`,`type`,`title`,`option` from t_tests tt where find_in_set(tt.id,(select test2_ids from t_lib where id='3')) ORDER by find_in_set(tt.id,(select test2_ids from t_lib where id='3')) [ RunTime:0.001000s ]

---------------------------------------------------------------
[ 2016-12-22T01:13:36+08:00 ] 127.0.0.1 127.0.0.1 POST /index/test/queryalltest
[ log ] www.tests.mm/index/test/queryalltest [运行时间：0.043002s][吞吐率：23.25req/s] [内存消耗：2,232.22kb] [文件加载：47]
[ info ] [ LANG ] D:\EProject\wwwroot\tests\thinkphp\lang\zh-cn.php
[ info ] [ ROUTE ] array (
  'type' => 'module',
  'module' => 
  array (
    0 => 'index',
    1 => 'test',
    2 => 'queryalltest',
  ),
)
[ info ] [ HEADER ] array (
  'host' => 'www.tests.mm',
  'connection' => 'keep-alive',
  'content-length' => '0',
  'accept' => 'application/json, text/javascript, */*; q=0.01',
  'origin' => 'http://localhost:8080',
  'user-agent' => 'Mozilla/5.0 (iPhone; CPU iPhone OS 9_1 like Mac OS X) AppleWebKit/601.1.46 (KHTML, like Gecko) Version/9.0 Mobile/13B143 Safari/601.1',
  'referer' => 'http://localhost:8080/x5/UI2/v_/wd/test.w?device=m',
  'accept-encoding' => 'gzip, deflate',
  'accept-language' => 'zh-CN,zh;q=0.8',
)
[ info ] [ PARAM ] array (
)
[ info ] [ RUN ] app\index\controller\Test->queryAllTest[ D:\EProject\wwwroot\tests\application\index\controller\Test.php ]
[ info ] [ DB ] INIT mysql
[ info ] [ LOG ] INIT File
[ sql ] [ DB ] CONNECT:[ UseTime:0.010000s ] mysql:dbname=tests;host=127.0.0.1;charset=utf8
[ sql ] [ SQL ] SHOW COLUMNS FROM `t_lib` [ RunTime:0.007001s ]
[ sql ] [ SQL ] SELECT `id` FROM `t_lib`  [ RunTime:0.000000s ]
[ sql ] [ SQL ] select `id`,`title` from t_tests tt where find_in_set(tt.id,(select test1_ids from t_lib where id='3')) ORDER by find_in_set(tt.id,(select test1_ids from t_lib where id='3')) [ RunTime:0.001000s ]
[ sql ] [ SQL ] select `id`,`type`,`title`,`option` from t_tests tt where find_in_set(tt.id,(select test2_ids from t_lib where id='3')) ORDER by find_in_set(tt.id,(select test2_ids from t_lib where id='3')) [ RunTime:0.001000s ]

---------------------------------------------------------------
[ 2016-12-22T02:42:30+08:00 ] 127.0.0.1 127.0.0.1 POST /index/test/queryalltest
[ log ] www.tests.mm/index/test/queryalltest [运行时间：0.058003s][吞吐率：17.24req/s] [内存消耗：2,232.20kb] [文件加载：47]
[ info ] [ LANG ] D:\EProject\wwwroot\tests\thinkphp\lang\zh-cn.php
[ info ] [ ROUTE ] array (
  'type' => 'module',
  'module' => 
  array (
    0 => 'index',
    1 => 'test',
    2 => 'queryalltest',
  ),
)
[ info ] [ HEADER ] array (
  'host' => 'www.tests.mm',
  'connection' => 'keep-alive',
  'content-length' => '0',
  'accept' => 'application/json, text/javascript, */*; q=0.01',
  'origin' => 'http://localhost:8080',
  'user-agent' => 'Mozilla/5.0 (iPhone; CPU iPhone OS 9_1 like Mac OS X) AppleWebKit/601.1.46 (KHTML, like Gecko) Version/9.0 Mobile/13B143 Safari/601.1',
  'referer' => 'http://localhost:8080/x5/UI2/v_/wd/test.w?device=m',
  'accept-encoding' => 'gzip, deflate',
  'accept-language' => 'zh-CN,zh;q=0.8',
)
[ info ] [ PARAM ] array (
)
[ info ] [ RUN ] app\index\controller\Test->queryAllTest[ D:\EProject\wwwroot\tests\application\index\controller\Test.php ]
[ info ] [ DB ] INIT mysql
[ info ] [ LOG ] INIT File
[ sql ] [ DB ] CONNECT:[ UseTime:0.010000s ] mysql:dbname=tests;host=127.0.0.1;charset=utf8
[ sql ] [ SQL ] SHOW COLUMNS FROM `t_lib` [ RunTime:0.007001s ]
[ sql ] [ SQL ] SELECT `id` FROM `t_lib`  [ RunTime:0.000000s ]
[ sql ] [ SQL ] select `id`,`title` from t_tests tt where find_in_set(tt.id,(select test1_ids from t_lib where id='2')) ORDER by find_in_set(tt.id,(select test1_ids from t_lib where id='2')) [ RunTime:0.001000s ]
[ sql ] [ SQL ] select `id`,`type`,`title`,`option` from t_tests tt where find_in_set(tt.id,(select test2_ids from t_lib where id='2')) ORDER by find_in_set(tt.id,(select test2_ids from t_lib where id='2')) [ RunTime:0.001000s ]

---------------------------------------------------------------
